2025-10-31 00:06:32 [main] INFO  c.t.v.VerificationServiceApplication - Starting VerificationServiceApplication using Java 17.0.16 with PID 19126 (/Users/weiyeh/Desktop/區塊鏈/hackathon/4.Verification Service/target/classes started by weiyeh in /Users/weiyeh/Desktop/區塊鏈/hackathon/4.Verification Service)
2025-10-31 00:06:32 [main] DEBUG c.t.v.VerificationServiceApplication - Running with Spring Boot v3.2.0, Spring v6.1.1
2025-10-31 00:06:32 [main] INFO  c.t.v.VerificationServiceApplication - No active profile set, falling back to 1 default profile: "default"
2025-10-31 00:06:33 [main] INFO  o.s.b.w.e.tomcat.TomcatWebServer - Tomcat initialized with port 8082 (http)
2025-10-31 00:06:33 [main] INFO  o.a.catalina.core.StandardService - Starting service [Tomcat]
2025-10-31 00:06:33 [main] INFO  o.a.catalina.core.StandardEngine - Starting Servlet engine: [Apache Tomcat/10.1.16]
2025-10-31 00:06:33 [main] INFO  o.a.c.c.C.[Tomcat].[localhost].[/] - Initializing Spring embedded WebApplicationContext
2025-10-31 00:06:33 [main] INFO  o.s.b.w.s.c.ServletWebServerApplicationContext - Root WebApplicationContext: initialization completed in 1162 ms
2025-10-31 00:06:34 [main] INFO  o.s.b.a.e.web.EndpointLinksResolver - Exposing 3 endpoint(s) beneath base path '/actuator'
2025-10-31 00:06:34 [main] INFO  o.s.b.w.e.tomcat.TomcatWebServer - Tomcat started on port 8082 (http) with context path ''
2025-10-31 00:06:34 [main] INFO  c.t.v.VerificationServiceApplication - Started VerificationServiceApplication in 2.239 seconds (process running for 2.447)
2025-10-31 00:06:40 [http-nio-8082-exec-2] INFO  o.a.c.c.C.[Tomcat].[localhost].[/] - Initializing Spring DispatcherServlet 'dispatcherServlet'
2025-10-31 00:06:40 [http-nio-8082-exec-2] INFO  o.s.web.servlet.DispatcherServlet - Initializing Servlet 'dispatcherServlet'
2025-10-31 00:06:40 [http-nio-8082-exec-2] INFO  o.s.web.servlet.DispatcherServlet - Completed initialization in 1 ms
2025-10-31 00:57:52 [main] INFO  c.t.v.VerificationServiceApplication - Starting VerificationServiceApplication using Java 17.0.16 with PID 63832 (/Users/weiyeh/Desktop/區塊鏈/hackathon/4.Verification Service/target/classes started by weiyeh in /Users/weiyeh/Desktop/區塊鏈/hackathon/4.Verification Service)
2025-10-31 00:57:52 [main] DEBUG c.t.v.VerificationServiceApplication - Running with Spring Boot v3.2.0, Spring v6.1.1
2025-10-31 00:57:52 [main] INFO  c.t.v.VerificationServiceApplication - No active profile set, falling back to 1 default profile: "default"
2025-10-31 00:57:53 [main] INFO  o.s.b.w.e.tomcat.TomcatWebServer - Tomcat initialized with port 8082 (http)
2025-10-31 00:57:53 [main] INFO  o.a.catalina.core.StandardService - Starting service [Tomcat]
2025-10-31 00:57:53 [main] INFO  o.a.catalina.core.StandardEngine - Starting Servlet engine: [Apache Tomcat/10.1.16]
2025-10-31 00:57:53 [main] INFO  o.a.c.c.C.[Tomcat].[localhost].[/] - Initializing Spring embedded WebApplicationContext
2025-10-31 00:57:53 [main] INFO  o.s.b.w.s.c.ServletWebServerApplicationContext - Root WebApplicationContext: initialization completed in 1024 ms
2025-10-31 00:57:54 [main] INFO  o.s.b.a.e.web.EndpointLinksResolver - Exposing 3 endpoint(s) beneath base path '/actuator'
2025-10-31 00:57:54 [main] INFO  o.s.b.w.e.tomcat.TomcatWebServer - Tomcat started on port 8082 (http) with context path ''
2025-10-31 00:57:54 [main] INFO  c.t.v.VerificationServiceApplication - Started VerificationServiceApplication in 2.072 seconds (process running for 2.297)
2025-10-31 00:58:00 [http-nio-8082-exec-1] INFO  o.a.c.c.C.[Tomcat].[localhost].[/] - Initializing Spring DispatcherServlet 'dispatcherServlet'
2025-10-31 00:58:00 [http-nio-8082-exec-1] INFO  o.s.web.servlet.DispatcherServlet - Initializing Servlet 'dispatcherServlet'
2025-10-31 00:58:00 [http-nio-8082-exec-1] INFO  o.s.web.servlet.DispatcherServlet - Completed initialization in 1 ms
2025-10-31 01:02:31 [main] INFO  c.t.v.VerificationServiceApplication - Starting VerificationServiceApplication using Java 17.0.16 with PID 73995 (/Users/weiyeh/Desktop/區塊鏈/hackathon/4.Verification Service/target/classes started by weiyeh in /Users/weiyeh/Desktop/區塊鏈/hackathon/4.Verification Service)
2025-10-31 01:02:31 [main] DEBUG c.t.v.VerificationServiceApplication - Running with Spring Boot v3.2.0, Spring v6.1.1
2025-10-31 01:02:31 [main] INFO  c.t.v.VerificationServiceApplication - No active profile set, falling back to 1 default profile: "default"
2025-10-31 01:02:32 [main] INFO  o.s.b.w.e.tomcat.TomcatWebServer - Tomcat initialized with port 8082 (http)
2025-10-31 01:02:32 [main] INFO  o.a.catalina.core.StandardService - Starting service [Tomcat]
2025-10-31 01:02:32 [main] INFO  o.a.catalina.core.StandardEngine - Starting Servlet engine: [Apache Tomcat/10.1.16]
2025-10-31 01:02:32 [main] INFO  o.a.c.c.C.[Tomcat].[localhost].[/] - Initializing Spring embedded WebApplicationContext
2025-10-31 01:02:32 [main] INFO  o.s.b.w.s.c.ServletWebServerApplicationContext - Root WebApplicationContext: initialization completed in 719 ms
2025-10-31 01:02:33 [main] INFO  o.s.b.a.e.web.EndpointLinksResolver - Exposing 3 endpoint(s) beneath base path '/actuator'
2025-10-31 01:02:33 [main] INFO  o.s.b.w.e.tomcat.TomcatWebServer - Tomcat started on port 8082 (http) with context path ''
2025-10-31 01:02:33 [main] INFO  c.t.v.VerificationServiceApplication - Started VerificationServiceApplication in 1.8 seconds (process running for 2.011)
2025-10-31 01:02:43 [http-nio-8082-exec-1] INFO  o.a.c.c.C.[Tomcat].[localhost].[/] - Initializing Spring DispatcherServlet 'dispatcherServlet'
2025-10-31 01:02:43 [http-nio-8082-exec-1] INFO  o.s.web.servlet.DispatcherServlet - Initializing Servlet 'dispatcherServlet'
2025-10-31 01:02:43 [http-nio-8082-exec-1] INFO  o.s.web.servlet.DispatcherServlet - Completed initialization in 1 ms
2025-10-31 01:04:33 [main] INFO  c.t.v.VerificationServiceApplication - Starting VerificationServiceApplication using Java 17.0.16 with PID 78398 (/Users/weiyeh/Desktop/區塊鏈/hackathon/4.Verification Service/target/classes started by weiyeh in /Users/weiyeh/Desktop/區塊鏈/hackathon/4.Verification Service)
2025-10-31 01:04:33 [main] DEBUG c.t.v.VerificationServiceApplication - Running with Spring Boot v3.2.0, Spring v6.1.1
2025-10-31 01:04:33 [main] INFO  c.t.v.VerificationServiceApplication - No active profile set, falling back to 1 default profile: "default"
2025-10-31 01:04:34 [main] INFO  o.s.b.w.e.tomcat.TomcatWebServer - Tomcat initialized with port 8082 (http)
2025-10-31 01:04:34 [main] INFO  o.a.catalina.core.StandardService - Starting service [Tomcat]
2025-10-31 01:04:34 [main] INFO  o.a.catalina.core.StandardEngine - Starting Servlet engine: [Apache Tomcat/10.1.16]
2025-10-31 01:04:34 [main] INFO  o.a.c.c.C.[Tomcat].[localhost].[/] - Initializing Spring embedded WebApplicationContext
2025-10-31 01:04:34 [main] INFO  o.s.b.w.s.c.ServletWebServerApplicationContext - Root WebApplicationContext: initialization completed in 745 ms
2025-10-31 01:04:34 [main] INFO  o.s.b.a.e.web.EndpointLinksResolver - Exposing 3 endpoint(s) beneath base path '/actuator'
2025-10-31 01:04:34 [main] INFO  o.s.b.w.e.tomcat.TomcatWebServer - Tomcat started on port 8082 (http) with context path ''
2025-10-31 01:04:34 [main] INFO  c.t.v.VerificationServiceApplication - Started VerificationServiceApplication in 1.566 seconds (process running for 1.727)
2025-10-31 01:10:15 [main] INFO  c.t.v.VerificationServiceApplication - Starting VerificationServiceApplication using Java 17.0.16 with PID 90305 (/Users/weiyeh/Desktop/區塊鏈/hackathon/4.Verification Service/target/classes started by weiyeh in /Users/weiyeh/Desktop/區塊鏈/hackathon/4.Verification Service)
2025-10-31 01:10:15 [main] DEBUG c.t.v.VerificationServiceApplication - Running with Spring Boot v3.2.0, Spring v6.1.1
2025-10-31 01:10:15 [main] INFO  c.t.v.VerificationServiceApplication - No active profile set, falling back to 1 default profile: "default"
2025-10-31 01:10:16 [main] INFO  o.s.b.w.e.tomcat.TomcatWebServer - Tomcat initialized with port 8082 (http)
2025-10-31 01:10:16 [main] INFO  o.a.catalina.core.StandardService - Starting service [Tomcat]
2025-10-31 01:10:16 [main] INFO  o.a.catalina.core.StandardEngine - Starting Servlet engine: [Apache Tomcat/10.1.16]
2025-10-31 01:10:16 [main] INFO  o.a.c.c.C.[Tomcat].[localhost].[/] - Initializing Spring embedded WebApplicationContext
2025-10-31 01:10:16 [main] INFO  o.s.b.w.s.c.ServletWebServerApplicationContext - Root WebApplicationContext: initialization completed in 891 ms
2025-10-31 01:10:16 [main] INFO  o.s.b.a.e.web.EndpointLinksResolver - Exposing 3 endpoint(s) beneath base path '/actuator'
2025-10-31 01:10:16 [main] INFO  o.s.b.w.e.tomcat.TomcatWebServer - Tomcat started on port 8082 (http) with context path ''
2025-10-31 01:10:16 [main] INFO  c.t.v.VerificationServiceApplication - Started VerificationServiceApplication in 1.743 seconds (process running for 1.931)
2025-10-31 01:10:26 [http-nio-8082-exec-2] INFO  o.a.c.c.C.[Tomcat].[localhost].[/] - Initializing Spring DispatcherServlet 'dispatcherServlet'
2025-10-31 01:10:26 [http-nio-8082-exec-2] INFO  o.s.web.servlet.DispatcherServlet - Initializing Servlet 'dispatcherServlet'
2025-10-31 01:10:26 [http-nio-8082-exec-2] INFO  o.s.web.servlet.DispatcherServlet - Completed initialization in 1 ms
2025-10-31 01:11:55 [main] INFO  c.t.v.VerificationServiceApplication - Starting VerificationServiceApplication using Java 17.0.16 with PID 94064 (/Users/weiyeh/Desktop/區塊鏈/hackathon/4.Verification Service/target/classes started by weiyeh in /Users/weiyeh/Desktop/區塊鏈/hackathon/4.Verification Service)
2025-10-31 01:11:55 [main] DEBUG c.t.v.VerificationServiceApplication - Running with Spring Boot v3.2.0, Spring v6.1.1
2025-10-31 01:11:55 [main] INFO  c.t.v.VerificationServiceApplication - No active profile set, falling back to 1 default profile: "default"
2025-10-31 01:11:56 [main] INFO  o.s.b.w.e.tomcat.TomcatWebServer - Tomcat initialized with port 8082 (http)
2025-10-31 01:11:56 [main] INFO  o.a.catalina.core.StandardService - Starting service [Tomcat]
2025-10-31 01:11:56 [main] INFO  o.a.catalina.core.StandardEngine - Starting Servlet engine: [Apache Tomcat/10.1.16]
2025-10-31 01:11:56 [main] INFO  o.a.c.c.C.[Tomcat].[localhost].[/] - Initializing Spring embedded WebApplicationContext
2025-10-31 01:11:56 [main] INFO  o.s.b.w.s.c.ServletWebServerApplicationContext - Root WebApplicationContext: initialization completed in 720 ms
2025-10-31 01:11:56 [main] INFO  o.s.b.a.e.web.EndpointLinksResolver - Exposing 3 endpoint(s) beneath base path '/actuator'
2025-10-31 01:11:56 [main] INFO  o.s.b.w.e.tomcat.TomcatWebServer - Tomcat started on port 8082 (http) with context path ''
2025-10-31 01:11:56 [main] INFO  c.t.v.VerificationServiceApplication - Started VerificationServiceApplication in 1.578 seconds (process running for 1.766)
2025-10-31 01:12:08 [http-nio-8082-exec-2] INFO  o.a.c.c.C.[Tomcat].[localhost].[/] - Initializing Spring DispatcherServlet 'dispatcherServlet'
2025-10-31 01:12:08 [http-nio-8082-exec-2] INFO  o.s.web.servlet.DispatcherServlet - Initializing Servlet 'dispatcherServlet'
2025-10-31 01:12:08 [http-nio-8082-exec-2] INFO  o.s.web.servlet.DispatcherServlet - Completed initialization in 1 ms
