[INFO] Scanning for projects...
[INFO] 
[INFO] ----------------------< com.tar:backend-core-api >----------------------
[INFO] Building TAR Backend Core API 1.0.0-SNAPSHOT
[INFO]   from pom.xml
[INFO] --------------------------------[ jar ]---------------------------------
[INFO] 
[INFO] >>> spring-boot:3.2.0:run (default-cli) > test-compile @ backend-core-api >>>
[INFO] 
[INFO] --- jacoco:0.8.11:prepare-agent (default) @ backend-core-api ---
[INFO] argLine set to "-javaagent:/Users/weiyeh/.m2/repository/org/jacoco/org.jacoco.agent/0.8.11/org.jacoco.agent-0.8.11-runtime.jar=destfile=/Users/weiyeh/Desktop/hackathon/3.Backend Core API/target/jacoco.exec"
[INFO] 
[INFO] --- resources:3.3.1:resources (default-resources) @ backend-core-api ---
[INFO] Copying 1 resource from src/main/resources to target/classes
[INFO] Copying 0 resource from src/main/resources to target/classes
[INFO] 
[INFO] --- compiler:3.11.0:compile (default-compile) @ backend-core-api ---
[INFO] Nothing to compile - all classes are up to date
[INFO] 
[INFO] --- resources:3.3.1:testResources (default-testResources) @ backend-core-api ---
[INFO] Copying 1 resource from src/test/resources to target/test-classes
[INFO] 
[INFO] --- compiler:3.11.0:testCompile (default-testCompile) @ backend-core-api ---
[INFO] Nothing to compile - all classes are up to date
[INFO] 
[INFO] <<< spring-boot:3.2.0:run (default-cli) < test-compile @ backend-core-api <<<
[INFO] 
[INFO] 
[INFO] --- spring-boot:3.2.0:run (default-cli) @ backend-core-api ---
[INFO] Attaching agents: []

  .   ____          _            __ _ _
 /\\ / ___'_ __ _ _(_)_ __  __ _ \ \ \ \
( ( )\___ | '_ | '_| | '_ \/ _` | \ \ \ \
 \\/  ___)| |_)| | | | | || (_| |  ) ) ) )
  '  |____| .__|_| |_|_| |_\__, | / / / /
 =========|_|==============|___/=/_/_/_/
 :: Spring Boot ::                (v3.2.0)

2025-11-04T13:32:36.125+08:00  INFO 30787 --- [tar-backend-core-api] [           main] com.tar.backend.BackendCoreApplication   : Starting BackendCoreApplication using Java 17.0.16 with PID 30787 (/Users/weiyeh/Desktop/hackathon/3.Backend Core API/target/classes started by weiyeh in /Users/weiyeh/Desktop/hackathon/3.Backend Core API)
2025-11-04T13:32:36.134+08:00  INFO 30787 --- [tar-backend-core-api] [           main] com.tar.backend.BackendCoreApplication   : No active profile set, falling back to 1 default profile: "default"
2025-11-04T13:32:39.026+08:00  INFO 30787 --- [tar-backend-core-api] [           main] .s.d.r.c.RepositoryConfigurationDelegate : Bootstrapping Spring Data JPA repositories in DEFAULT mode.
2025-11-04T13:32:39.321+08:00  INFO 30787 --- [tar-backend-core-api] [           main] .s.d.r.c.RepositoryConfigurationDelegate : Finished Spring Data repository scanning in 279 ms. Found 1 JPA repository interface.
2025-11-04T13:32:40.780+08:00  INFO 30787 --- [tar-backend-core-api] [           main] o.s.b.w.embedded.tomcat.TomcatWebServer  : Tomcat initialized with port 8083 (http)
2025-11-04T13:32:40.800+08:00  INFO 30787 --- [tar-backend-core-api] [           main] o.apache.catalina.core.StandardService   : Starting service [Tomcat]
2025-11-04T13:32:40.801+08:00  INFO 30787 --- [tar-backend-core-api] [           main] o.apache.catalina.core.StandardEngine    : Starting Servlet engine: [Apache Tomcat/10.1.16]
2025-11-04T13:32:40.891+08:00  INFO 30787 --- [tar-backend-core-api] [           main] o.a.c.c.C.[Tomcat].[localhost].[/]       : Initializing Spring embedded WebApplicationContext
2025-11-04T13:32:40.893+08:00  INFO 30787 --- [tar-backend-core-api] [           main] w.s.c.ServletWebServerApplicationContext : Root WebApplicationContext: initialization completed in 4641 ms
2025-11-04T13:32:41.111+08:00  INFO 30787 --- [tar-backend-core-api] [           main] com.zaxxer.hikari.HikariDataSource       : HikariPool-1 - Starting...
2025-11-04T13:32:41.387+08:00  INFO 30787 --- [tar-backend-core-api] [           main] com.zaxxer.hikari.pool.HikariPool        : HikariPool-1 - Added connection conn0: url=jdbc:h2:mem:testdb user=SA
2025-11-04T13:32:41.389+08:00  INFO 30787 --- [tar-backend-core-api] [           main] com.zaxxer.hikari.HikariDataSource       : HikariPool-1 - Start completed.
2025-11-04T13:32:41.400+08:00  INFO 30787 --- [tar-backend-core-api] [           main] o.s.b.a.h2.H2ConsoleAutoConfiguration    : H2 console available at '/h2-console'. Database available at 'jdbc:h2:mem:testdb'
2025-11-04T13:32:41.705+08:00  INFO 30787 --- [tar-backend-core-api] [           main] o.hibernate.jpa.internal.util.LogHelper  : HHH000204: Processing PersistenceUnitInfo [name: default]
2025-11-04T13:32:41.770+08:00  INFO 30787 --- [tar-backend-core-api] [           main] org.hibernate.Version                    : HHH000412: Hibernate ORM core version 6.3.1.Final
2025-11-04T13:32:41.806+08:00  INFO 30787 --- [tar-backend-core-api] [           main] o.h.c.internal.RegionFactoryInitiator    : HHH000026: Second-level cache disabled
2025-11-04T13:32:42.132+08:00  INFO 30787 --- [tar-backend-core-api] [           main] o.s.o.j.p.SpringPersistenceUnitInfo      : No LoadTimeWeaver setup: ignoring JPA class transformer
2025-11-04T13:32:42.217+08:00  WARN 30787 --- [tar-backend-core-api] [           main] org.hibernate.orm.deprecation            : HHH90000025: H2Dialect does not need to be specified explicitly using 'hibernate.dialect' (remove the property setting and it will be selected by default)
2025-11-04T13:32:43.254+08:00  INFO 30787 --- [tar-backend-core-api] [           main] o.h.e.t.j.p.i.JtaPlatformInitiator       : HHH000489: No JTA platform available (set 'hibernate.transaction.jta.platform' to enable JTA platform integration)
2025-11-04T13:32:43.410+08:00  INFO 30787 --- [tar-backend-core-api] [           main] j.LocalContainerEntityManagerFactoryBean : Initialized JPA EntityManagerFactory for persistence unit 'default'
2025-11-04T13:32:44.408+08:00  INFO 30787 --- [tar-backend-core-api] [           main] o.s.d.j.r.query.QueryEnhancerFactory     : Hibernate is in classpath; If applicable, HQL parser will be used.
âœ… Blockchain credentials created successfully for address: 0x70997970c51812dc3a010c7d01b50e0d17dc79c8
ðŸ”— Blockchain service initialized:
   RPC URL: http://localhost:8545
   Contract Address: 0x5FbDB2315678afecb367f032d93F642f64180aa3
   Credentials: âœ… Available
ðŸ” Contract code length: 14636
âœ… Contract found at address: 0x5FbDB2315678afecb367f032d93F642f64180aa3
   Code length: 14636 characters
2025-11-04T13:32:49.930+08:00  WARN 30787 --- [tar-backend-core-api] [           main] JpaBaseConfiguration$JpaWebConfiguration : spring.jpa.open-in-view is enabled by default. Therefore, database queries may be performed during view rendering. Explicitly configure spring.jpa.open-in-view to disable this warning
2025-11-04T13:32:52.243+08:00  INFO 30787 --- [tar-backend-core-api] [           main] o.s.b.a.e.web.EndpointLinksResolver      : Exposing 3 endpoint(s) beneath base path '/actuator'
2025-11-04T13:32:52.522+08:00  INFO 30787 --- [tar-backend-core-api] [           main] o.s.s.web.DefaultSecurityFilterChain     : Will secure any request with [org.springframework.security.web.session.DisableEncodeUrlFilter@1c6d908b, org.springframework.security.web.context.request.async.WebAsyncManagerIntegrationFilter@5dd52021, org.springframework.security.web.context.SecurityContextHolderFilter@7188bd49, org.springframework.security.web.header.HeaderWriterFilter@1703b09a, org.springframework.web.filter.CorsFilter@24fb6521, org.springframework.security.web.authentication.logout.LogoutFilter@1a26f595, com.tar.backend.config.ApiKeyAuthFilter@4ec0229c, org.springframework.security.web.savedrequest.RequestCacheAwareFilter@345236c6, org.springframework.security.web.servletapi.SecurityContextHolderAwareRequestFilter@16c30e11, org.springframework.security.web.authentication.AnonymousAuthenticationFilter@393bd750, org.springframework.security.web.session.SessionManagementFilter@9e5e75, org.springframework.security.web.access.ExceptionTranslationFilter@18fb5226, org.springframework.security.web.access.intercept.AuthorizationFilter@632f505b]
2025-11-04T13:32:54.553+08:00  INFO 30787 --- [tar-backend-core-api] [           main] o.s.b.w.embedded.tomcat.TomcatWebServer  : Tomcat started on port 8083 (http) with context path ''
2025-11-04T13:32:54.594+08:00  INFO 30787 --- [tar-backend-core-api] [           main] com.tar.backend.BackendCoreApplication   : Started BackendCoreApplication in 19.275 seconds (process running for 20.062)
