[INFO] Scanning for projects...
[INFO] 
[INFO] -----------------< com.tar.metadata:metadata-service >------------------
[INFO] Building metadata-service 0.0.1-SNAPSHOT
[INFO]   from pom.xml
[INFO] --------------------------------[ jar ]---------------------------------
[INFO] 
[INFO] >>> spring-boot:3.2.0:run (default-cli) > test-compile @ metadata-service >>>
[INFO] 
[INFO] --- jacoco:0.8.8:prepare-agent (default) @ metadata-service ---
[INFO] argLine set to "-javaagent:/Users/weiyeh/.m2/repository/org/jacoco/org.jacoco.agent/0.8.8/org.jacoco.agent-0.8.8-runtime.jar=destfile=/Users/weiyeh/Desktop/區塊鏈/hackathon/2.Metadata Service/target/jacoco.exec"
[INFO] 
[INFO] --- resources:3.3.1:resources (default-resources) @ metadata-service ---
[INFO] Copying 1 resource from src/main/resources to target/classes
[INFO] Copying 0 resource from src/main/resources to target/classes
[INFO] 
[INFO] --- compiler:3.11.0:compile (default-compile) @ metadata-service ---
[INFO] Nothing to compile - all classes are up to date
[INFO] 
[INFO] --- resources:3.3.1:testResources (default-testResources) @ metadata-service ---
[INFO] Copying 0 resource from src/test/resources to target/test-classes
[INFO] 
[INFO] --- compiler:3.11.0:testCompile (default-testCompile) @ metadata-service ---
[INFO] Nothing to compile - all classes are up to date
[INFO] 
[INFO] <<< spring-boot:3.2.0:run (default-cli) < test-compile @ metadata-service <<<
[INFO] 
[INFO] 
[INFO] --- spring-boot:3.2.0:run (default-cli) @ metadata-service ---
[INFO] Attaching agents: []

  .   ____          _            __ _ _
 /\\ / ___'_ __ _ _(_)_ __  __ _ \ \ \ \
( ( )\___ | '_ | '_| | '_ \/ _` | \ \ \ \
 \\/  ___)| |_)| | | | | || (_| |  ) ) ) )
  '  |____| .__|_| |_|_| |_\__, | / / / /
 =========|_|==============|___/=/_/_/_/
 :: Spring Boot ::                (v3.2.0)

2025-10-29T22:52:35.659+08:00  INFO 16416 --- [metadata-service] [           main] c.t.metadata.MetadataServiceApplication  : Starting MetadataServiceApplication using Java 17.0.16 with PID 16416 (/Users/weiyeh/Desktop/區塊鏈/hackathon/2.Metadata Service/target/classes started by weiyeh in /Users/weiyeh/Desktop/區塊鏈/hackathon/2.Metadata Service)
2025-10-29T22:52:35.660+08:00 DEBUG 16416 --- [metadata-service] [           main] c.t.metadata.MetadataServiceApplication  : Running with Spring Boot v3.2.0, Spring v6.1.1
2025-10-29T22:52:35.661+08:00  INFO 16416 --- [metadata-service] [           main] c.t.metadata.MetadataServiceApplication  : No active profile set, falling back to 1 default profile: "default"
2025-10-29T22:52:36.403+08:00  INFO 16416 --- [metadata-service] [           main] o.s.b.w.embedded.tomcat.TomcatWebServer  : Tomcat initialized with port 8081 (http)
2025-10-29T22:52:36.423+08:00  INFO 16416 --- [metadata-service] [           main] o.apache.catalina.core.StandardService   : Starting service [Tomcat]
2025-10-29T22:52:36.423+08:00  INFO 16416 --- [metadata-service] [           main] o.apache.catalina.core.StandardEngine    : Starting Servlet engine: [Apache Tomcat/10.1.16]
2025-10-29T22:52:36.504+08:00  INFO 16416 --- [metadata-service] [           main] o.a.c.c.C.[Tomcat].[localhost].[/]       : Initializing Spring embedded WebApplicationContext
2025-10-29T22:52:36.504+08:00  INFO 16416 --- [metadata-service] [           main] w.s.c.ServletWebServerApplicationContext : Root WebApplicationContext: initialization completed in 818 ms
2025-10-29T22:52:36.589+08:00 DEBUG 16416 --- [metadata-service] [           main] o.s.w.f.ServerHttpObservationFilter      : Filter 'webMvcObservationFilter' configured for use
2025-10-29T22:52:36.709+08:00 DEBUG 16416 --- [metadata-service] [           main] s.w.s.m.m.a.RequestMappingHandlerMapping : 9 mappings in 'requestMappingHandlerMapping'
2025-10-29T22:52:36.734+08:00 DEBUG 16416 --- [metadata-service] [           main] o.s.w.s.handler.SimpleUrlHandlerMapping  : Patterns [/webjars/**, /**, /swagger-ui*/*swagger-initializer.js, /swagger-ui*/**] in 'resourceHandlerMapping'
2025-10-29T22:52:36.750+08:00 DEBUG 16416 --- [metadata-service] [           main] s.w.s.m.m.a.RequestMappingHandlerAdapter : ControllerAdvice beans: 0 @ModelAttribute, 0 @InitBinder, 1 RequestBodyAdvice, 1 ResponseBodyAdvice
2025-10-29T22:52:36.765+08:00 DEBUG 16416 --- [metadata-service] [           main] .m.m.a.ExceptionHandlerExceptionResolver : ControllerAdvice beans: 1 @ExceptionHandler, 1 ResponseBodyAdvice
2025-10-29T22:52:36.859+08:00  INFO 16416 --- [metadata-service] [           main] o.s.b.a.e.web.EndpointLinksResolver      : Exposing 3 endpoint(s) beneath base path '/actuator'
2025-10-29T22:52:36.891+08:00  INFO 16416 --- [metadata-service] [           main] o.s.b.w.embedded.tomcat.TomcatWebServer  : Tomcat started on port 8081 (http) with context path ''
2025-10-29T22:52:36.900+08:00  INFO 16416 --- [metadata-service] [           main] c.t.metadata.MetadataServiceApplication  : Started MetadataServiceApplication in 1.419 seconds (process running for 1.57)
2025-10-29T22:57:02.212+08:00  INFO 16416 --- [metadata-service] [nio-8081-exec-2] o.a.c.c.C.[Tomcat].[localhost].[/]       : Initializing Spring DispatcherServlet 'dispatcherServlet'
2025-10-29T22:57:02.213+08:00  INFO 16416 --- [metadata-service] [nio-8081-exec-2] o.s.web.servlet.DispatcherServlet        : Initializing Servlet 'dispatcherServlet'
2025-10-29T22:57:02.213+08:00 DEBUG 16416 --- [metadata-service] [nio-8081-exec-2] o.s.web.servlet.DispatcherServlet        : Detected StandardServletMultipartResolver
2025-10-29T22:57:02.213+08:00 DEBUG 16416 --- [metadata-service] [nio-8081-exec-2] o.s.web.servlet.DispatcherServlet        : Detected AcceptHeaderLocaleResolver
2025-10-29T22:57:02.213+08:00 DEBUG 16416 --- [metadata-service] [nio-8081-exec-2] o.s.web.servlet.DispatcherServlet        : Detected FixedThemeResolver
2025-10-29T22:57:02.215+08:00 DEBUG 16416 --- [metadata-service] [nio-8081-exec-2] o.s.web.servlet.DispatcherServlet        : Detected org.springframework.web.servlet.view.DefaultRequestToViewNameTranslator@1f11c0a6
2025-10-29T22:57:02.215+08:00 DEBUG 16416 --- [metadata-service] [nio-8081-exec-2] o.s.web.servlet.DispatcherServlet        : Detected org.springframework.web.servlet.support.SessionFlashMapManager@26de970
2025-10-29T22:57:02.215+08:00 DEBUG 16416 --- [metadata-service] [nio-8081-exec-2] o.s.web.servlet.DispatcherServlet        : enableLoggingRequestDetails='false': request parameters and headers will be masked to prevent unsafe logging of potentially sensitive data
2025-10-29T22:57:02.215+08:00  INFO 16416 --- [metadata-service] [nio-8081-exec-2] o.s.web.servlet.DispatcherServlet        : Completed initialization in 2 ms
2025-10-29T22:57:02.237+08:00 DEBUG 16416 --- [metadata-service] [nio-8081-exec-2] o.s.web.servlet.DispatcherServlet        : GET "/actuator/health", parameters={}
2025-10-29T22:57:02.245+08:00 DEBUG 16416 --- [metadata-service] [nio-8081-exec-2] m.m.a.RequestResponseBodyMethodProcessor : Read "application/octet-stream" to []
2025-10-29T22:57:02.252+08:00 DEBUG 16416 --- [metadata-service] [nio-8081-exec-2] o.s.w.s.m.m.a.HttpEntityMethodProcessor  : Using 'application/vnd.spring-boot.actuator.v3+json', given [*/*] and supported [application/vnd.spring-boot.actuator.v3+json, application/vnd.spring-boot.actuator.v2+json, application/json]
2025-10-29T22:57:02.268+08:00 DEBUG 16416 --- [metadata-service] [nio-8081-exec-2] o.s.w.s.m.m.a.HttpEntityMethodProcessor  : Writing [org.springframework.boot.actuate.health.SystemHealth@598c26b]
2025-10-29T22:57:02.279+08:00 DEBUG 16416 --- [metadata-service] [nio-8081-exec-2] o.s.web.servlet.DispatcherServlet        : Completed 200 OK
