[INFO] Scanning for projects...
[INFO] 
[INFO] --------------------< com.tar:verification-service >--------------------
[INFO] Building TAR Verification Service 1.0.0-SNAPSHOT
[INFO]   from pom.xml
[INFO] --------------------------------[ jar ]---------------------------------
[INFO] 
[INFO] >>> spring-boot:3.2.0:run (default-cli) > test-compile @ verification-service >>>
[WARNING] The artifact com.github.tomakehurst:wiremock-jre8:jar:3.0.1 has been relocated to org.wiremock:wiremock:jar:3.0.1
[INFO] 
[INFO] --- jacoco:0.8.11:prepare-agent (default) @ verification-service ---
[INFO] argLine set to "-javaagent:/Users/weiyeh/.m2/repository/org/jacoco/org.jacoco.agent/0.8.11/org.jacoco.agent-0.8.11-runtime.jar=destfile=/Users/weiyeh/Desktop/區塊鏈/hackathon/4.Verification Service/target/jacoco.exec"
[INFO] 
[INFO] --- resources:3.3.1:resources (default-resources) @ verification-service ---
[INFO] Copying 1 resource from src/main/resources to target/classes
[INFO] Copying 0 resource from src/main/resources to target/classes
[INFO] 
[INFO] --- compiler:3.11.0:compile (default-compile) @ verification-service ---
[INFO] Nothing to compile - all classes are up to date
[INFO] 
[INFO] --- resources:3.3.1:testResources (default-testResources) @ verification-service ---
[INFO] Copying 1 resource from src/test/resources to target/test-classes
[INFO] 
[INFO] --- compiler:3.11.0:testCompile (default-testCompile) @ verification-service ---
[INFO] Nothing to compile - all classes are up to date
[INFO] 
[INFO] <<< spring-boot:3.2.0:run (default-cli) < test-compile @ verification-service <<<
[INFO] 
[INFO] 
[INFO] --- spring-boot:3.2.0:run (default-cli) @ verification-service ---
[INFO] Attaching agents: []

  .   ____          _            __ _ _
 /\\ / ___'_ __ _ _(_)_ __  __ _ \ \ \ \
( ( )\___ | '_ | '_| | '_ \/ _` | \ \ \ \
 \\/  ___)| |_)| | | | | || (_| |  ) ) ) )
  '  |____| .__|_| |_|_| |_\__, | / / / /
 =========|_|==============|___/=/_/_/_/
 :: Spring Boot ::                (v3.2.0)

2025-10-30 19:34:47 - Starting VerificationServiceApplication using Java 17.0.16 with PID 2391 (/Users/weiyeh/Desktop/區塊鏈/hackathon/4.Verification Service/target/classes started by weiyeh in /Users/weiyeh/Desktop/區塊鏈/hackathon/4.Verification Service)
2025-10-30 19:34:47 - Running with Spring Boot v3.2.0, Spring v6.1.1
2025-10-30 19:34:47 - No active profile set, falling back to 1 default profile: "default"
2025-10-30 19:34:48 - Tomcat initialized with port 8082 (http)
2025-10-30 19:34:48 - Starting service [Tomcat]
2025-10-30 19:34:48 - Starting Servlet engine: [Apache Tomcat/10.1.16]
2025-10-30 19:34:48 - Initializing Spring embedded WebApplicationContext
2025-10-30 19:34:48 - Root WebApplicationContext: initialization completed in 658 ms
2025-10-30 19:34:48 - Exposing 3 endpoint(s) beneath base path '/actuator'
2025-10-30 19:34:48 - Tomcat started on port 8082 (http) with context path ''
2025-10-30 19:34:48 - Started VerificationServiceApplication in 1.475 seconds (process running for 1.654)
2025-10-30 19:35:10 - Initializing Spring DispatcherServlet 'dispatcherServlet'
2025-10-30 19:35:10 - Initializing Servlet 'dispatcherServlet'
2025-10-30 19:35:10 - Completed initialization in 1 ms
